<?xml version="1.0" encoding="UTF-8"?>
<robot generator="Robot 3.2.1 (Python 3.7.4 on win32)" generated="20200604 14:54:17.493" rpa="false">
<suite id="s1" name="Api2" source="D:\PycharmProjects\rf_auto\API_TEST\Tasks\api2.robot">
<test id="s1-t1" name="getCategoryList_case">
<kw name="Create Session" library="RequestsLibrary">
<doc>Create Session: create a HTTP session to a server</doc>
<arguments>
<arg>api</arg>
<arg>${domain_test}</arg>
</arguments>
<msg timestamp="20200604 14:54:17.643" level="INFO">Creating Session using : alias=api, url=http://39.108.255.0:8888, headers={},                     cookies={}, auth=None, timeout=None, proxies=None, verify=False,                     debug=0 </msg>
<status status="PASS" starttime="20200604 14:54:17.643" endtime="20200604 14:54:17.643"></status>
</kw>
<kw name="Post Request" library="RequestsLibrary">
<doc>Send a POST request on the session object found using the
given `alias`</doc>
<arguments>
<arg>api</arg>
<arg>${getCategoryList}[path]</arg>
<arg>headers=${getCategoryList}[header]</arg>
<arg>json=${Invalid_Category_json}</arg>
</arguments>
<assign>
<var>${resp}</var>
</assign>
<msg timestamp="20200604 14:54:17.644" level="FAIL">Variable '${getCategoryList}' is function, which is not subscriptable, and thus accessing item 'path' from it is not possible. To use '[path]' as a literal value, it needs to be escaped like '\[path]'.</msg>
<status status="FAIL" starttime="20200604 14:54:17.643" endtime="20200604 14:54:17.644"></status>
</kw>
<doc>获取栏目列表</doc>
<status status="FAIL" starttime="20200604 14:54:17.642" endtime="20200604 14:54:17.644" critical="yes">Variable '${getCategoryList}' is function, which is not subscriptable, and thus accessing item 'path' from it is not possible. To use '[path]' as a literal value, it needs to be escaped like '\[path]'.</status>
</test>
<test id="s1-t2" name="getContentList_case">
<kw name="Create Session" library="RequestsLibrary">
<doc>Create Session: create a HTTP session to a server</doc>
<arguments>
<arg>api</arg>
<arg>${domain_test}</arg>
</arguments>
<msg timestamp="20200604 14:54:17.645" level="INFO">Creating Session using : alias=api, url=http://39.108.255.0:8888, headers={},                     cookies={}, auth=None, timeout=None, proxies=None, verify=False,                     debug=0 </msg>
<status status="PASS" starttime="20200604 14:54:17.645" endtime="20200604 14:54:17.645"></status>
</kw>
<kw name="Get From Dictionary" library="Collections">
<doc>Returns a value from the given ``dictionary`` based on the given ``key``.</doc>
<arguments>
<arg>${Suite}</arg>
<arg>columnId</arg>
</arguments>
<assign>
<var>${columnId}</var>
</assign>
<msg timestamp="20200604 14:54:17.646" level="FAIL">Variable '${Suite}' not found. Did you mean:
    ${SUITE_NAME}</msg>
<status status="FAIL" starttime="20200604 14:54:17.645" endtime="20200604 14:54:17.646"></status>
</kw>
<doc>获取栏目列表</doc>
<status status="FAIL" starttime="20200604 14:54:17.644" endtime="20200604 14:54:17.646" critical="yes">Variable '${Suite}' not found. Did you mean:
    ${SUITE_NAME}</status>
</test>
<status status="FAIL" starttime="20200604 14:54:17.495" endtime="20200604 14:54:17.646"></status>
</suite>
<statistics>
<total>
<stat pass="0" fail="2">Critical Tests</stat>
<stat pass="0" fail="2">All Tests</stat>
</total>
<tag>
</tag>
<suite>
<stat pass="0" fail="2" id="s1" name="Api2">Api2</stat>
</suite>
</statistics>
<errors>
</errors>
</robot>
