<?xml version="1.0" encoding="UTF-8"?>
<robot generator="Robot 3.2.1 (Python 3.7.4 on win32)" generated="20200525 15:49:36.568" rpa="false">
<suite id="s1" name="Api2" source="D:\PycharmProjects\rf_auto\API_TEST\Tasks\api2.robot">
<test id="s1-t1" name="POST Requests">
<kw name="Create Session" library="RequestsLibrary">
<doc>Create Session: create a HTTP session to a server</doc>
<arguments>
<arg>api</arg>
<arg>${domain}</arg>
</arguments>
<msg timestamp="20200525 15:49:36.687" level="FAIL">Variable '${domain}' not found.</msg>
<status status="FAIL" starttime="20200525 15:49:36.686" endtime="20200525 15:49:36.687"></status>
</kw>
<doc>POST请求json</doc>
<status status="FAIL" starttime="20200525 15:49:36.686" endtime="20200525 15:49:36.687" critical="yes">Variable '${domain}' not found.</status>
</test>
<status status="FAIL" starttime="20200525 15:49:36.570" endtime="20200525 15:49:36.688"></status>
</suite>
<statistics>
<total>
<stat pass="0" fail="1">Critical Tests</stat>
<stat pass="0" fail="1">All Tests</stat>
</total>
<tag>
</tag>
<suite>
<stat pass="0" fail="1" id="s1" name="Api2">Api2</stat>
</suite>
</statistics>
<errors>
<msg timestamp="20200525 15:49:36.686" level="WARN">Imported library 'D:\PycharmProjects\rf_auto\API_TEST\Domains\test_env.py' contains no keywords.</msg>
</errors>
</robot>
